{"C:\\Users\\pc\\Documents\\unrwa-p2p\\src\\mocks.ts": {"path":"C:\\Users\\pc\\Documents\\unrwa-p2p\\src\\mocks.ts","statementMap":{"0":{"start":{"line":3,"column":13},"end":{"line":44,"column":null}}},"fnMap":{},"branchMap":{},"s":{"0":8},"f":{},"b":{}}
,"C:\\Users\\pc\\Documents\\unrwa-p2p\\src\\components\\Ab_Header\\AbUi_Header.ts": {"path":"C:\\Users\\pc\\Documents\\unrwa-p2p\\src\\components\\Ab_Header\\AbUi_Header.ts","statementMap":{"0":{"start":{"line":3,"column":0},"end":{"line":3,"column":null}},"1":{"start":{"line":13,"column":2},"end":{"line":13,"column":79}},"2":{"start":{"line":14,"column":2},"end":{"line":14,"column":49}},"3":{"start":{"line":15,"column":2},"end":{"line":15,"column":45}},"4":{"start":{"line":16,"column":2},"end":{"line":16,"column":null}},"5":{"start":{"line":17,"column":2},"end":{"line":17,"column":null}},"6":{"start":{"line":18,"column":19},"end":{"line":18,"column":92}},"7":{"start":{"line":23,"column":2},"end":{"line":33,"column":null}},"8":{"start":{"line":25,"column":3},"end":{"line":25,"column":null}},"9":{"start":{"line":30,"column":3},"end":{"line":30,"column":null}},"10":{"start":{"line":33,"column":3},"end":{"line":33,"column":null}},"11":{"start":{"line":34,"column":2},"end":{"line":34,"column":109}},"12":{"start":{"line":35,"column":2},"end":{"line":35,"column":null}},"13":{"start":{"line":42,"column":9},"end":{"line":48,"column":null}},"14":{"start":{"line":44,"column":2},"end":{"line":47,"column":null}},"15":{"start":{"line":45,"column":3},"end":{"line":45,"column":null}},"16":{"start":{"line":47,"column":3},"end":{"line":47,"column":null}},"17":{"start":{"line":53,"column":9},"end":{"line":78,"column":null}},"18":{"start":{"line":55,"column":2},"end":{"line":77,"column":null}},"19":{"start":{"line":59,"column":3},"end":{"line":75,"column":null}},"20":{"start":{"line":59,"column":16},"end":{"line":59,"column":17}},"21":{"start":{"line":64,"column":4},"end":{"line":65,"column":null}},"22":{"start":{"line":65,"column":5},"end":{"line":65,"column":null}},"23":{"start":{"line":67,"column":4},"end":{"line":74,"column":null}},"24":{"start":{"line":71,"column":5},"end":{"line":73,"column":17}},"25":{"start":{"line":72,"column":6},"end":{"line":72,"column":null}},"26":{"start":{"line":77,"column":3},"end":{"line":77,"column":null}},"27":{"start":{"line":83,"column":9},"end":{"line":123,"column":null}},"28":{"start":{"line":85,"column":17},"end":{"line":85,"column":136}},"29":{"start":{"line":90,"column":2},"end":{"line":93,"column":null}},"30":{"start":{"line":91,"column":3},"end":{"line":91,"column":62}},"31":{"start":{"line":93,"column":3},"end":{"line":93,"column":null}},"32":{"start":{"line":98,"column":2},"end":{"line":98,"column":null}},"33":{"start":{"line":99,"column":2},"end":{"line":105,"column":10}},"34":{"start":{"line":102,"column":4},"end":{"line":102,"column":null}},"35":{"start":{"line":107,"column":2},"end":{"line":121,"column":null}},"36":{"start":{"line":112,"column":3},"end":{"line":116,"column":17}},"37":{"start":{"line":126,"column":9},"end":{"line":161,"column":null}},"38":{"start":{"line":127,"column":18},"end":{"line":127,"column":54}},"39":{"start":{"line":128,"column":2},"end":{"line":131,"column":null}},"40":{"start":{"line":129,"column":3},"end":{"line":129,"column":null}},"41":{"start":{"line":130,"column":3},"end":{"line":130,"column":9}},"42":{"start":{"line":132,"column":2},"end":{"line":134,"column":7}},"43":{"start":{"line":133,"column":3},"end":{"line":133,"column":76}},"44":{"start":{"line":135,"column":2},"end":{"line":137,"column":7}},"45":{"start":{"line":136,"column":3},"end":{"line":136,"column":79}},"46":{"start":{"line":143,"column":2},"end":{"line":160,"column":null}},"47":{"start":{"line":148,"column":3},"end":{"line":152,"column":null}},"48":{"start":{"line":149,"column":4},"end":{"line":149,"column":null}},"49":{"start":{"line":150,"column":4},"end":{"line":150,"column":null}},"50":{"start":{"line":151,"column":4},"end":{"line":151,"column":85}},"51":{"start":{"line":156,"column":3},"end":{"line":159,"column":5}},"52":{"start":{"line":157,"column":4},"end":{"line":157,"column":null}},"53":{"start":{"line":158,"column":4},"end":{"line":158,"column":null}},"54":{"start":{"line":163,"column":1},"end":{"line":168,"column":null}},"55":{"start":{"line":164,"column":2},"end":{"line":164,"column":null}},"56":{"start":{"line":165,"column":2},"end":{"line":165,"column":null}},"57":{"start":{"line":166,"column":2},"end":{"line":166,"column":null}},"58":{"start":{"line":167,"column":2},"end":{"line":167,"column":null}},"59":{"start":{"line":169,"column":0},"end":{"line":169,"column":null}}},"fnMap":{"0":{"name":"(anonymous_0)","decl":{"start":{"line":3,"column":0},"end":{"line":3,"column":null}},"loc":{"start":{"line":3,"column":0},"end":{"line":169,"column":null}}},"1":{"name":"AbUi_Header","decl":{"start":{"line":12,"column":1},"end":{"line":12,"column":13}},"loc":{"start":{"line":12,"column":64},"end":{"line":37,"column":2}}},"2":{"name":"(anonymous_2)","decl":{"start":{"line":42,"column":1},"end":{"line":42,"column":9}},"loc":{"start":{"line":42,"column":1},"end":{"line":48,"column":2}}},"3":{"name":"(anonymous_3)","decl":{"start":{"line":53,"column":1},"end":{"line":53,"column":9}},"loc":{"start":{"line":53,"column":1},"end":{"line":78,"column":2}}},"4":{"name":"(anonymous_4)","decl":{"start":{"line":71,"column":62},"end":{"line":71,"column":63}},"loc":{"start":{"line":71,"column":76},"end":{"line":73,"column":6}}},"5":{"name":"(anonymous_5)","decl":{"start":{"line":83,"column":1},"end":{"line":83,"column":9}},"loc":{"start":{"line":83,"column":1},"end":{"line":123,"column":2}}},"6":{"name":"(anonymous_6)","decl":{"start":{"line":101,"column":24},"end":{"line":101,"column":32}},"loc":{"start":{"line":101,"column":32},"end":{"line":103,"column":4}}},"7":{"name":"(anonymous_7)","decl":{"start":{"line":126,"column":1},"end":{"line":126,"column":9}},"loc":{"start":{"line":126,"column":1},"end":{"line":161,"column":2}}},"8":{"name":"(anonymous_8)","decl":{"start":{"line":132,"column":77},"end":{"line":132,"column":null}},"loc":{"start":{"line":132,"column":77},"end":{"line":134,"column":5}}},"9":{"name":"(anonymous_9)","decl":{"start":{"line":135,"column":71},"end":{"line":135,"column":null}},"loc":{"start":{"line":135,"column":71},"end":{"line":137,"column":5}}},"10":{"name":"(anonymous_10)","decl":{"start":{"line":143,"column":77},"end":{"line":143,"column":78}},"loc":{"start":{"line":143,"column":89},"end":{"line":160,"column":7}}},"11":{"name":"(anonymous_11)","decl":{"start":{"line":148,"column":32},"end":{"line":148,"column":33}},"loc":{"start":{"line":148,"column":40},"end":{"line":152,"column":7}}},"12":{"name":"(anonymous_12)","decl":{"start":{"line":156,"column":84},"end":{"line":156,"column":85}},"loc":{"start":{"line":156,"column":92},"end":{"line":159,"column":4}}},"13":{"name":"(anonymous_13)","decl":{"start":{"line":163,"column":1},"end":{"line":163,"column":7}},"loc":{"start":{"line":163,"column":1},"end":{"line":168,"column":2}}}},"branchMap":{"0":{"loc":{"start":{"line":17,"column":64},"end":{"line":17,"column":67}},"type":"cond-expr","locations":[{"start":{"line":17,"column":64},"end":{"line":17,"column":67}},{"start":{"line":17,"column":64},"end":{"line":17,"column":75}}]},"1":{"loc":{"start":{"line":17,"column":15},"end":{"line":17,"column":67}},"type":"binary-expr","locations":[{"start":{"line":17,"column":15},"end":{"line":17,"column":67}},{"start":{"line":17,"column":64},"end":{"line":17,"column":67}}]},"2":{"loc":{"start":{"line":23,"column":2},"end":{"line":33,"column":null}},"type":"if","locations":[{"start":{"line":23,"column":2},"end":{"line":33,"column":null}},{"start":{"line":23,"column":2},"end":{"line":33,"column":null}}]},"3":{"loc":{"start":{"line":44,"column":2},"end":{"line":47,"column":null}},"type":"if","locations":[{"start":{"line":44,"column":2},"end":{"line":47,"column":null}},{"start":{"line":44,"column":2},"end":{"line":47,"column":null}}]},"4":{"loc":{"start":{"line":55,"column":2},"end":{"line":77,"column":null}},"type":"if","locations":[{"start":{"line":55,"column":2},"end":{"line":77,"column":null}},{"start":{"line":55,"column":2},"end":{"line":77,"column":null}}]},"5":{"loc":{"start":{"line":64,"column":4},"end":{"line":65,"column":null}},"type":"if","locations":[{"start":{"line":64,"column":4},"end":{"line":65,"column":null}},{"start":{"line":64,"column":4},"end":{"line":65,"column":null}}]},"6":{"loc":{"start":{"line":67,"column":4},"end":{"line":74,"column":null}},"type":"if","locations":[{"start":{"line":67,"column":4},"end":{"line":74,"column":null}},{"start":{"line":67,"column":4},"end":{"line":74,"column":null}}]},"7":{"loc":{"start":{"line":90,"column":2},"end":{"line":93,"column":null}},"type":"if","locations":[{"start":{"line":90,"column":2},"end":{"line":93,"column":null}},{"start":{"line":90,"column":2},"end":{"line":93,"column":null}}]},"8":{"loc":{"start":{"line":107,"column":2},"end":{"line":121,"column":null}},"type":"if","locations":[{"start":{"line":107,"column":2},"end":{"line":121,"column":null}},{"start":{"line":107,"column":2},"end":{"line":121,"column":null}}]},"9":{"loc":{"start":{"line":128,"column":2},"end":{"line":131,"column":null}},"type":"if","locations":[{"start":{"line":128,"column":2},"end":{"line":131,"column":null}},{"start":{"line":128,"column":2},"end":{"line":131,"column":null}}]},"10":{"loc":{"start":{"line":132,"column":47},"end":{"line":132,"column":51}},"type":"cond-expr","locations":[{"start":{"line":132,"column":47},"end":{"line":132,"column":51}},{"start":{"line":132,"column":47},"end":{"line":134,"column":7}}]},"11":{"loc":{"start":{"line":132,"column":2},"end":{"line":132,"column":51}},"type":"binary-expr","locations":[{"start":{"line":132,"column":2},"end":{"line":132,"column":51}},{"start":{"line":132,"column":47},"end":{"line":132,"column":51}}]},"12":{"loc":{"start":{"line":132,"column":10},"end":{"line":132,"column":13}},"type":"cond-expr","locations":[{"start":{"line":132,"column":10},"end":{"line":132,"column":13}},{"start":{"line":132,"column":2},"end":{"line":132,"column":51}}]},"13":{"loc":{"start":{"line":132,"column":2},"end":{"line":132,"column":13}},"type":"binary-expr","locations":[{"start":{"line":132,"column":2},"end":{"line":132,"column":13}},{"start":{"line":132,"column":2},"end":{"line":132,"column":13}}]},"14":{"loc":{"start":{"line":133,"column":40},"end":{"line":133,"column":44}},"type":"cond-expr","locations":[{"start":{"line":133,"column":40},"end":{"line":133,"column":44}},{"start":{"line":133,"column":40},"end":{"line":133,"column":76}}]},"15":{"loc":{"start":{"line":133,"column":3},"end":{"line":133,"column":44}},"type":"binary-expr","locations":[{"start":{"line":133,"column":3},"end":{"line":133,"column":44}},{"start":{"line":133,"column":40},"end":{"line":133,"column":44}}]},"16":{"loc":{"start":{"line":133,"column":11},"end":{"line":133,"column":14}},"type":"cond-expr","locations":[{"start":{"line":133,"column":11},"end":{"line":133,"column":14}},{"start":{"line":133,"column":3},"end":{"line":133,"column":44}}]},"17":{"loc":{"start":{"line":133,"column":3},"end":{"line":133,"column":14}},"type":"binary-expr","locations":[{"start":{"line":133,"column":3},"end":{"line":133,"column":14}},{"start":{"line":133,"column":3},"end":{"line":133,"column":14}}]},"18":{"loc":{"start":{"line":135,"column":41},"end":{"line":135,"column":45}},"type":"cond-expr","locations":[{"start":{"line":135,"column":41},"end":{"line":135,"column":45}},{"start":{"line":135,"column":41},"end":{"line":137,"column":7}}]},"19":{"loc":{"start":{"line":135,"column":2},"end":{"line":135,"column":45}},"type":"binary-expr","locations":[{"start":{"line":135,"column":2},"end":{"line":135,"column":45}},{"start":{"line":135,"column":41},"end":{"line":135,"column":45}}]},"20":{"loc":{"start":{"line":135,"column":10},"end":{"line":135,"column":13}},"type":"cond-expr","locations":[{"start":{"line":135,"column":10},"end":{"line":135,"column":13}},{"start":{"line":135,"column":2},"end":{"line":135,"column":45}}]},"21":{"loc":{"start":{"line":135,"column":2},"end":{"line":135,"column":13}},"type":"binary-expr","locations":[{"start":{"line":135,"column":2},"end":{"line":135,"column":13}},{"start":{"line":135,"column":2},"end":{"line":135,"column":13}}]},"22":{"loc":{"start":{"line":136,"column":40},"end":{"line":136,"column":44}},"type":"cond-expr","locations":[{"start":{"line":136,"column":40},"end":{"line":136,"column":44}},{"start":{"line":136,"column":40},"end":{"line":136,"column":79}}]},"23":{"loc":{"start":{"line":136,"column":3},"end":{"line":136,"column":44}},"type":"binary-expr","locations":[{"start":{"line":136,"column":3},"end":{"line":136,"column":44}},{"start":{"line":136,"column":40},"end":{"line":136,"column":44}}]},"24":{"loc":{"start":{"line":136,"column":11},"end":{"line":136,"column":14}},"type":"cond-expr","locations":[{"start":{"line":136,"column":11},"end":{"line":136,"column":14}},{"start":{"line":136,"column":3},"end":{"line":136,"column":44}}]},"25":{"loc":{"start":{"line":136,"column":3},"end":{"line":136,"column":14}},"type":"binary-expr","locations":[{"start":{"line":136,"column":3},"end":{"line":136,"column":14}},{"start":{"line":136,"column":3},"end":{"line":136,"column":14}}]},"26":{"loc":{"start":{"line":151,"column":34},"end":{"line":151,"column":37}},"type":"cond-expr","locations":[{"start":{"line":151,"column":34},"end":{"line":151,"column":37}},{"start":{"line":151,"column":34},"end":{"line":151,"column":85}}]},"27":{"loc":{"start":{"line":151,"column":4},"end":{"line":151,"column":37}},"type":"binary-expr","locations":[{"start":{"line":151,"column":4},"end":{"line":151,"column":37}},{"start":{"line":151,"column":34},"end":{"line":151,"column":37}}]},"28":{"loc":{"start":{"line":156,"column":54},"end":{"line":156,"column":58}},"type":"cond-expr","locations":[{"start":{"line":156,"column":54},"end":{"line":156,"column":58}},{"start":{"line":156,"column":54},"end":{"line":159,"column":5}}]},"29":{"loc":{"start":{"line":156,"column":3},"end":{"line":156,"column":58}},"type":"binary-expr","locations":[{"start":{"line":156,"column":3},"end":{"line":156,"column":58}},{"start":{"line":156,"column":54},"end":{"line":156,"column":58}}]},"30":{"loc":{"start":{"line":156,"column":19},"end":{"line":156,"column":22}},"type":"cond-expr","locations":[{"start":{"line":156,"column":19},"end":{"line":156,"column":22}},{"start":{"line":156,"column":19},"end":{"line":156,"column":58}}]},"31":{"loc":{"start":{"line":156,"column":3},"end":{"line":156,"column":22}},"type":"binary-expr","locations":[{"start":{"line":156,"column":3},"end":{"line":156,"column":22}},{"start":{"line":156,"column":19},"end":{"line":156,"column":22}}]}},"s":{"0":1,"1":6,"2":6,"3":6,"4":6,"5":6,"6":6,"7":6,"8":5,"9":5,"10":1,"11":5,"12":5,"13":1,"14":1,"15":0,"16":1,"17":1,"18":1,"19":0,"20":0,"21":0,"22":0,"23":0,"24":0,"25":0,"26":1,"27":1,"28":1,"29":1,"30":0,"31":1,"32":0,"33":0,"34":0,"35":0,"36":0,"37":1,"38":1,"39":1,"40":1,"41":0,"42":0,"43":0,"44":0,"45":0,"46":0,"47":0,"48":0,"49":0,"50":0,"51":0,"52":0,"53":0,"54":1,"55":0,"56":0,"57":0,"58":0,"59":1},"f":{"0":1,"1":6,"2":1,"3":1,"4":0,"5":1,"6":0,"7":1,"8":0,"9":0,"10":0,"11":0,"12":0,"13":0},"b":{"0":[5,1],"1":[6,1],"2":[5,1],"3":[0,1],"4":[0,1],"5":[0,0],"6":[0,0],"7":[0,1],"8":[0,0],"9":[1,0],"10":[0,0],"11":[0,0],"12":[0,0],"13":[0,0],"14":[0,0],"15":[0,0],"16":[0,0],"17":[0,0],"18":[0,0],"19":[0,0],"20":[0,0],"21":[0,0],"22":[0,0],"23":[0,0],"24":[0,0],"25":[0,0],"26":[0,0],"27":[0,0],"28":[0,0],"29":[0,0],"30":[0,0],"31":[0,0]}}
,"C:\\Users\\pc\\Documents\\unrwa-p2p\\src\\components\\Ab_ShareLink\\AbUi_ShareLink.ts": {"path":"C:\\Users\\pc\\Documents\\unrwa-p2p\\src\\components\\Ab_ShareLink\\AbUi_ShareLink.ts","statementMap":{"0":{"start":{"line":3,"column":0},"end":{"line":3,"column":null}},"1":{"start":{"line":11,"column":2},"end":{"line":11,"column":null}},"2":{"start":{"line":12,"column":2},"end":{"line":12,"column":null}},"3":{"start":{"line":14,"column":2},"end":{"line":14,"column":null}},"4":{"start":{"line":15,"column":2},"end":{"line":15,"column":null}},"5":{"start":{"line":16,"column":2},"end":{"line":16,"column":null}},"6":{"start":{"line":17,"column":2},"end":{"line":17,"column":null}},"7":{"start":{"line":23,"column":8},"end":{"line":33,"column":null}},"8":{"start":{"line":24,"column":2},"end":{"line":32,"column":null}},"9":{"start":{"line":36,"column":8},"end":{"line":43,"column":null}},"10":{"start":{"line":37,"column":24},"end":{"line":37,"column":68}},"11":{"start":{"line":38,"column":2},"end":{"line":42,"column":null}},"12":{"start":{"line":39,"column":3},"end":{"line":39,"column":null}},"13":{"start":{"line":41,"column":3},"end":{"line":41,"column":null}},"14":{"start":{"line":44,"column":9},"end":{"line":52,"column":null}},"15":{"start":{"line":45,"column":2},"end":{"line":45,"column":22}},"16":{"start":{"line":46,"column":48},"end":{"line":46,"column":91}},"17":{"start":{"line":47,"column":2},"end":{"line":51,"column":null}},"18":{"start":{"line":48,"column":3},"end":{"line":48,"column":27}},"19":{"start":{"line":49,"column":3},"end":{"line":49,"column":32}},"20":{"start":{"line":51,"column":3},"end":{"line":51,"column":null}},"21":{"start":{"line":53,"column":0},"end":{"line":53,"column":null}}},"fnMap":{"0":{"name":"(anonymous_0)","decl":{"start":{"line":3,"column":0},"end":{"line":3,"column":null}},"loc":{"start":{"line":3,"column":0},"end":{"line":53,"column":null}}},"1":{"name":"AbUi_ShareLink","decl":{"start":{"line":10,"column":1},"end":{"line":10,"column":13}},"loc":{"start":{"line":10,"column":64},"end":{"line":18,"column":2}}},"2":{"name":"(anonymous_2)","decl":{"start":{"line":23,"column":1},"end":{"line":23,"column":8}},"loc":{"start":{"line":23,"column":1},"end":{"line":33,"column":2}}},"3":{"name":"(anonymous_3)","decl":{"start":{"line":36,"column":1},"end":{"line":36,"column":8}},"loc":{"start":{"line":36,"column":1},"end":{"line":43,"column":2}}},"4":{"name":"(anonymous_4)","decl":{"start":{"line":44,"column":1},"end":{"line":44,"column":9}},"loc":{"start":{"line":44,"column":47},"end":{"line":52,"column":2}}}},"branchMap":{"0":{"loc":{"start":{"line":26,"column":55},"end":{"line":26,"column":108}},"type":"cond-expr","locations":[{"start":{"line":26,"column":55},"end":{"line":26,"column":108}},{"start":{"line":26,"column":111},"end":{"line":26,"column":164}}]},"1":{"loc":{"start":{"line":38,"column":2},"end":{"line":42,"column":null}},"type":"if","locations":[{"start":{"line":38,"column":2},"end":{"line":42,"column":null}},{"start":{"line":38,"column":2},"end":{"line":42,"column":null}}]},"2":{"loc":{"start":{"line":47,"column":2},"end":{"line":51,"column":null}},"type":"if","locations":[{"start":{"line":47,"column":2},"end":{"line":51,"column":null}},{"start":{"line":47,"column":2},"end":{"line":51,"column":null}}]}},"s":{"0":3,"1":8,"2":8,"3":8,"4":8,"5":8,"6":8,"7":3,"8":4,"9":3,"10":4,"11":4,"12":2,"13":2,"14":3,"15":0,"16":0,"17":0,"18":0,"19":0,"20":0,"21":3},"f":{"0":3,"1":8,"2":4,"3":4,"4":0},"b":{"0":[0,4],"1":[2,2],"2":[0,0]}}
,"C:\\Users\\pc\\Documents\\unrwa-p2p\\src\\general\\AbUi_General.ts": {"path":"C:\\Users\\pc\\Documents\\unrwa-p2p\\src\\general\\AbUi_General.ts","statementMap":{"0":{"start":{"line":4,"column":0},"end":{"line":4,"column":null}},"1":{"start":{"line":15,"column":2},"end":{"line":15,"column":null}},"2":{"start":{"line":16,"column":2},"end":{"line":16,"column":null}},"3":{"start":{"line":17,"column":2},"end":{"line":17,"column":null}},"4":{"start":{"line":18,"column":2},"end":{"line":18,"column":null}},"5":{"start":{"line":19,"column":2},"end":{"line":19,"column":null}},"6":{"start":{"line":20,"column":2},"end":{"line":20,"column":null}},"7":{"start":{"line":21,"column":2},"end":{"line":21,"column":null}},"8":{"start":{"line":27,"column":9},"end":{"line":32,"column":null}},"9":{"start":{"line":28,"column":2},"end":{"line":31,"column":null}},"10":{"start":{"line":29,"column":3},"end":{"line":29,"column":91}},"11":{"start":{"line":31,"column":3},"end":{"line":31,"column":null}},"12":{"start":{"line":37,"column":9},"end":{"line":43,"column":null}},"13":{"start":{"line":39,"column":2},"end":{"line":42,"column":null}},"14":{"start":{"line":40,"column":3},"end":{"line":40,"column":null}},"15":{"start":{"line":41,"column":3},"end":{"line":41,"column":null}},"16":{"start":{"line":46,"column":9},"end":{"line":59,"column":null}},"17":{"start":{"line":47,"column":2},"end":{"line":51,"column":null}},"18":{"start":{"line":48,"column":3},"end":{"line":51,"column":null}},"19":{"start":{"line":49,"column":4},"end":{"line":49,"column":100}},"20":{"start":{"line":51,"column":4},"end":{"line":51,"column":null}},"21":{"start":{"line":54,"column":2},"end":{"line":58,"column":null}},"22":{"start":{"line":55,"column":3},"end":{"line":58,"column":null}},"23":{"start":{"line":56,"column":4},"end":{"line":56,"column":94}},"24":{"start":{"line":58,"column":4},"end":{"line":58,"column":null}},"25":{"start":{"line":63,"column":9},"end":{"line":79,"column":null}},"26":{"start":{"line":65,"column":2},"end":{"line":70,"column":null}},"27":{"start":{"line":66,"column":3},"end":{"line":69,"column":null}},"28":{"start":{"line":67,"column":4},"end":{"line":67,"column":null}},"29":{"start":{"line":68,"column":4},"end":{"line":68,"column":43}},"30":{"start":{"line":72,"column":2},"end":{"line":78,"column":5}},"31":{"start":{"line":73,"column":3},"end":{"line":77,"column":null}},"32":{"start":{"line":74,"column":4},"end":{"line":74,"column":30}},"33":{"start":{"line":75,"column":4},"end":{"line":76,"column":44}},"34":{"start":{"line":76,"column":5},"end":{"line":76,"column":44}},"35":{"start":{"line":81,"column":1},"end":{"line":87,"column":null}},"36":{"start":{"line":83,"column":2},"end":{"line":83,"column":null}},"37":{"start":{"line":84,"column":2},"end":{"line":84,"column":null}},"38":{"start":{"line":85,"column":2},"end":{"line":85,"column":null}},"39":{"start":{"line":86,"column":2},"end":{"line":86,"column":null}},"40":{"start":{"line":88,"column":0},"end":{"line":88,"column":null}}},"fnMap":{"0":{"name":"(anonymous_0)","decl":{"start":{"line":4,"column":0},"end":{"line":4,"column":null}},"loc":{"start":{"line":4,"column":0},"end":{"line":88,"column":null}}},"1":{"name":"AbUi_General","decl":{"start":{"line":13,"column":1},"end":{"line":13,"column":13}},"loc":{"start":{"line":13,"column":68},"end":{"line":23,"column":2}}},"2":{"name":"(anonymous_2)","decl":{"start":{"line":27,"column":1},"end":{"line":27,"column":9}},"loc":{"start":{"line":27,"column":1},"end":{"line":32,"column":2}}},"3":{"name":"(anonymous_3)","decl":{"start":{"line":37,"column":1},"end":{"line":37,"column":9}},"loc":{"start":{"line":37,"column":1},"end":{"line":43,"column":2}}},"4":{"name":"(anonymous_4)","decl":{"start":{"line":39,"column":28},"end":{"line":39,"column":30}},"loc":{"start":{"line":39,"column":30},"end":{"line":42,"column":3}}},"5":{"name":"(anonymous_5)","decl":{"start":{"line":46,"column":1},"end":{"line":46,"column":9}},"loc":{"start":{"line":46,"column":1},"end":{"line":59,"column":2}}},"6":{"name":"(anonymous_6)","decl":{"start":{"line":63,"column":1},"end":{"line":63,"column":9}},"loc":{"start":{"line":63,"column":1},"end":{"line":79,"column":2}}},"7":{"name":"(anonymous_7)","decl":{"start":{"line":65,"column":84},"end":{"line":65,"column":86}},"loc":{"start":{"line":65,"column":86},"end":{"line":70,"column":3}}},"8":{"name":"(anonymous_8)","decl":{"start":{"line":72,"column":61},"end":{"line":72,"column":63}},"loc":{"start":{"line":72,"column":63},"end":{"line":78,"column":3}}},"9":{"name":"(anonymous_9)","decl":{"start":{"line":81,"column":1},"end":{"line":81,"column":7}},"loc":{"start":{"line":81,"column":1},"end":{"line":87,"column":2}}}},"branchMap":{"0":{"loc":{"start":{"line":28,"column":2},"end":{"line":31,"column":null}},"type":"if","locations":[{"start":{"line":28,"column":2},"end":{"line":31,"column":null}},{"start":{"line":28,"column":2},"end":{"line":31,"column":null}}]},"1":{"loc":{"start":{"line":47,"column":2},"end":{"line":51,"column":null}},"type":"if","locations":[{"start":{"line":47,"column":2},"end":{"line":51,"column":null}},{"start":{"line":47,"column":2},"end":{"line":51,"column":null}}]},"2":{"loc":{"start":{"line":48,"column":3},"end":{"line":51,"column":null}},"type":"if","locations":[{"start":{"line":48,"column":3},"end":{"line":51,"column":null}},{"start":{"line":48,"column":3},"end":{"line":51,"column":null}}]},"3":{"loc":{"start":{"line":54,"column":2},"end":{"line":58,"column":null}},"type":"if","locations":[{"start":{"line":54,"column":2},"end":{"line":58,"column":null}},{"start":{"line":54,"column":2},"end":{"line":58,"column":null}}]},"4":{"loc":{"start":{"line":55,"column":3},"end":{"line":58,"column":null}},"type":"if","locations":[{"start":{"line":55,"column":3},"end":{"line":58,"column":null}},{"start":{"line":55,"column":3},"end":{"line":58,"column":null}}]},"5":{"loc":{"start":{"line":66,"column":3},"end":{"line":69,"column":null}},"type":"if","locations":[{"start":{"line":66,"column":3},"end":{"line":69,"column":null}},{"start":{"line":66,"column":3},"end":{"line":69,"column":null}}]},"6":{"loc":{"start":{"line":68,"column":32},"end":{"line":68,"column":35}},"type":"cond-expr","locations":[{"start":{"line":68,"column":32},"end":{"line":68,"column":35}},{"start":{"line":68,"column":32},"end":{"line":68,"column":43}}]},"7":{"loc":{"start":{"line":68,"column":4},"end":{"line":68,"column":35}},"type":"binary-expr","locations":[{"start":{"line":68,"column":4},"end":{"line":68,"column":35}},{"start":{"line":68,"column":32},"end":{"line":68,"column":35}}]},"8":{"loc":{"start":{"line":73,"column":3},"end":{"line":77,"column":null}},"type":"if","locations":[{"start":{"line":73,"column":3},"end":{"line":77,"column":null}},{"start":{"line":73,"column":3},"end":{"line":77,"column":null}}]},"9":{"loc":{"start":{"line":75,"column":4},"end":{"line":76,"column":44}},"type":"if","locations":[{"start":{"line":75,"column":4},"end":{"line":76,"column":44}},{"start":{"line":75,"column":4},"end":{"line":76,"column":44}}]},"10":{"loc":{"start":{"line":76,"column":33},"end":{"line":76,"column":36}},"type":"cond-expr","locations":[{"start":{"line":76,"column":33},"end":{"line":76,"column":36}},{"start":{"line":76,"column":33},"end":{"line":76,"column":44}}]},"11":{"loc":{"start":{"line":76,"column":5},"end":{"line":76,"column":36}},"type":"binary-expr","locations":[{"start":{"line":76,"column":5},"end":{"line":76,"column":36}},{"start":{"line":76,"column":33},"end":{"line":76,"column":36}}]}},"s":{"0":1,"1":5,"2":5,"3":5,"4":5,"5":5,"6":5,"7":5,"8":1,"9":1,"10":0,"11":1,"12":1,"13":0,"14":0,"15":0,"16":1,"17":4,"18":2,"19":1,"20":1,"21":3,"22":2,"23":1,"24":1,"25":1,"26":0,"27":0,"28":0,"29":0,"30":0,"31":0,"32":0,"33":0,"34":0,"35":1,"36":0,"37":0,"38":0,"39":0,"40":1},"f":{"0":1,"1":5,"2":1,"3":0,"4":0,"5":4,"6":0,"7":0,"8":0,"9":0},"b":{"0":[0,1],"1":[2,2],"2":[1,1],"3":[2,1],"4":[1,1],"5":[0,0],"6":[0,0],"7":[0,0],"8":[0,0],"9":[0,0],"10":[0,0],"11":[0,0]}}
,"C:\\Users\\pc\\Documents\\unrwa-p2p\\src\\helpers\\helpers.ts": {"path":"C:\\Users\\pc\\Documents\\unrwa-p2p\\src\\helpers\\helpers.ts","statementMap":{"0":{"start":{"line":5,"column":0},"end":{"line":49,"column":null}},"1":{"start":{"line":13,"column":2},"end":{"line":16,"column":null}},"2":{"start":{"line":14,"column":3},"end":{"line":14,"column":null}},"3":{"start":{"line":15,"column":3},"end":{"line":15,"column":null}},"4":{"start":{"line":20,"column":2},"end":{"line":23,"column":null}},"5":{"start":{"line":21,"column":3},"end":{"line":21,"column":null}},"6":{"start":{"line":22,"column":3},"end":{"line":22,"column":null}},"7":{"start":{"line":26,"column":2},"end":{"line":26,"column":null}},"8":{"start":{"line":36,"column":2},"end":{"line":39,"column":null}},"9":{"start":{"line":37,"column":3},"end":{"line":37,"column":null}},"10":{"start":{"line":38,"column":3},"end":{"line":38,"column":null}},"11":{"start":{"line":43,"column":2},"end":{"line":45,"column":null}},"12":{"start":{"line":44,"column":3},"end":{"line":44,"column":null}},"13":{"start":{"line":46,"column":2},"end":{"line":46,"column":null}}},"fnMap":{"0":{"name":"(anonymous_0)","decl":{"start":{"line":9,"column":14},"end":{"line":9,"column":15}},"loc":{"start":{"line":9,"column":82},"end":{"line":27,"column":2}}},"1":{"name":"(anonymous_1)","decl":{"start":{"line":31,"column":33},"end":{"line":31,"column":34}},"loc":{"start":{"line":31,"column":71},"end":{"line":47,"column":2}}}},"branchMap":{"0":{"loc":{"start":{"line":13,"column":2},"end":{"line":16,"column":null}},"type":"if","locations":[{"start":{"line":13,"column":2},"end":{"line":16,"column":null}},{"start":{"line":13,"column":2},"end":{"line":16,"column":null}}]},"1":{"loc":{"start":{"line":20,"column":2},"end":{"line":23,"column":null}},"type":"if","locations":[{"start":{"line":20,"column":2},"end":{"line":23,"column":null}},{"start":{"line":20,"column":2},"end":{"line":23,"column":null}}]},"2":{"loc":{"start":{"line":36,"column":2},"end":{"line":39,"column":null}},"type":"if","locations":[{"start":{"line":36,"column":2},"end":{"line":39,"column":null}},{"start":{"line":36,"column":2},"end":{"line":39,"column":null}}]},"3":{"loc":{"start":{"line":43,"column":2},"end":{"line":45,"column":null}},"type":"if","locations":[{"start":{"line":43,"column":2},"end":{"line":45,"column":null}},{"start":{"line":43,"column":2},"end":{"line":45,"column":null}}]}},"s":{"0":1,"1":4,"2":1,"3":0,"4":3,"5":1,"6":0,"7":2,"8":2,"9":1,"10":0,"11":1,"12":1,"13":0},"f":{"0":4,"1":2},"b":{"0":[1,3],"1":[1,2],"2":[1,1],"3":[1,0]}}
,"C:\\Users\\pc\\Documents\\unrwa-p2p\\src\\pages\\Ab_AllEventsPage\\AbUi_AllEventsPage.ts": {"path":"C:\\Users\\pc\\Documents\\unrwa-p2p\\src\\pages\\Ab_AllEventsPage\\AbUi_AllEventsPage.ts","statementMap":{"0":{"start":{"line":3,"column":0},"end":{"line":3,"column":null}},"1":{"start":{"line":10,"column":2},"end":{"line":10,"column":null}},"2":{"start":{"line":11,"column":2},"end":{"line":11,"column":null}},"3":{"start":{"line":12,"column":2},"end":{"line":12,"column":null}},"4":{"start":{"line":13,"column":2},"end":{"line":13,"column":null}},"5":{"start":{"line":14,"column":2},"end":{"line":14,"column":null}},"6":{"start":{"line":16,"column":9},"end":{"line":23,"column":null}},"7":{"start":{"line":18,"column":2},"end":{"line":21,"column":null}},"8":{"start":{"line":19,"column":3},"end":{"line":19,"column":null}},"9":{"start":{"line":20,"column":3},"end":{"line":20,"column":9}},"10":{"start":{"line":22,"column":2},"end":{"line":22,"column":null}},"11":{"start":{"line":24,"column":9},"end":{"line":32,"column":null}},"12":{"start":{"line":25,"column":2},"end":{"line":28,"column":null}},"13":{"start":{"line":26,"column":3},"end":{"line":26,"column":null}},"14":{"start":{"line":27,"column":3},"end":{"line":27,"column":9}},"15":{"start":{"line":29,"column":2},"end":{"line":31,"column":null}},"16":{"start":{"line":33,"column":9},"end":{"line":38,"column":null}},"17":{"start":{"line":34,"column":2},"end":{"line":37,"column":null}},"18":{"start":{"line":35,"column":3},"end":{"line":35,"column":106}},"19":{"start":{"line":37,"column":3},"end":{"line":37,"column":null}},"20":{"start":{"line":40,"column":1},"end":{"line":51,"column":null}},"21":{"start":{"line":41,"column":2},"end":{"line":41,"column":26}},"22":{"start":{"line":42,"column":2},"end":{"line":42,"column":null}},"23":{"start":{"line":43,"column":2},"end":{"line":43,"column":null}},"24":{"start":{"line":54,"column":0},"end":{"line":54,"column":null}}},"fnMap":{"0":{"name":"(anonymous_0)","decl":{"start":{"line":3,"column":0},"end":{"line":3,"column":null}},"loc":{"start":{"line":3,"column":0},"end":{"line":54,"column":null}}},"1":{"name":"AbUi_AllEventsPage","decl":{"start":{"line":9,"column":1},"end":{"line":9,"column":13}},"loc":{"start":{"line":9,"column":72},"end":{"line":15,"column":2}}},"2":{"name":"(anonymous_2)","decl":{"start":{"line":16,"column":1},"end":{"line":16,"column":9}},"loc":{"start":{"line":16,"column":1},"end":{"line":23,"column":2}}},"3":{"name":"(anonymous_3)","decl":{"start":{"line":24,"column":1},"end":{"line":24,"column":9}},"loc":{"start":{"line":24,"column":1},"end":{"line":32,"column":2}}},"4":{"name":"(anonymous_4)","decl":{"start":{"line":33,"column":1},"end":{"line":33,"column":9}},"loc":{"start":{"line":33,"column":1},"end":{"line":38,"column":2}}},"5":{"name":"(anonymous_5)","decl":{"start":{"line":40,"column":1},"end":{"line":40,"column":7}},"loc":{"start":{"line":40,"column":1},"end":{"line":51,"column":2}}}},"branchMap":{"0":{"loc":{"start":{"line":14,"column":50},"end":{"line":14,"column":53}},"type":"cond-expr","locations":[{"start":{"line":14,"column":50},"end":{"line":14,"column":53}},{"start":{"line":14,"column":50},"end":{"line":14,"column":72}}]},"1":{"loc":{"start":{"line":14,"column":18},"end":{"line":14,"column":53}},"type":"binary-expr","locations":[{"start":{"line":14,"column":18},"end":{"line":14,"column":53}},{"start":{"line":14,"column":50},"end":{"line":14,"column":53}}]},"2":{"loc":{"start":{"line":18,"column":2},"end":{"line":21,"column":null}},"type":"if","locations":[{"start":{"line":18,"column":2},"end":{"line":21,"column":null}},{"start":{"line":18,"column":2},"end":{"line":21,"column":null}}]},"3":{"loc":{"start":{"line":25,"column":2},"end":{"line":28,"column":null}},"type":"if","locations":[{"start":{"line":25,"column":2},"end":{"line":28,"column":null}},{"start":{"line":25,"column":2},"end":{"line":28,"column":null}}]},"4":{"loc":{"start":{"line":34,"column":2},"end":{"line":37,"column":null}},"type":"if","locations":[{"start":{"line":34,"column":2},"end":{"line":37,"column":null}},{"start":{"line":34,"column":2},"end":{"line":37,"column":null}}]}},"s":{"0":1,"1":5,"2":5,"3":5,"4":5,"5":5,"6":1,"7":2,"8":1,"9":0,"10":1,"11":1,"12":2,"13":1,"14":0,"15":1,"16":1,"17":1,"18":0,"19":1,"20":1,"21":0,"22":0,"23":0,"24":1},"f":{"0":1,"1":5,"2":2,"3":2,"4":1,"5":0},"b":{"0":[2,3],"1":[5,3],"2":[1,1],"3":[1,1],"4":[0,1]}}
,"C:\\Users\\pc\\Documents\\unrwa-p2p\\src\\pages\\Ab_EventPage\\AbUi_EventPage.ts": {"path":"C:\\Users\\pc\\Documents\\unrwa-p2p\\src\\pages\\Ab_EventPage\\AbUi_EventPage.ts","statementMap":{"0":{"start":{"line":2,"column":0},"end":{"line":2,"column":73}},"1":{"start":{"line":3,"column":0},"end":{"line":3,"column":null}},"2":{"start":{"line":10,"column":2},"end":{"line":10,"column":null}},"3":{"start":{"line":11,"column":2},"end":{"line":11,"column":null}},"4":{"start":{"line":12,"column":2},"end":{"line":12,"column":null}},"5":{"start":{"line":13,"column":2},"end":{"line":13,"column":null}},"6":{"start":{"line":15,"column":9},"end":{"line":28,"column":null}},"7":{"start":{"line":16,"column":27},"end":{"line":16,"column":83}},"8":{"start":{"line":17,"column":2},"end":{"line":21,"column":null}},"9":{"start":{"line":18,"column":3},"end":{"line":18,"column":100}},"10":{"start":{"line":19,"column":3},"end":{"line":19,"column":null}},"11":{"start":{"line":21,"column":3},"end":{"line":21,"column":null}},"12":{"start":{"line":23,"column":2},"end":{"line":27,"column":4}},"13":{"start":{"line":24,"column":3},"end":{"line":24,"column":23}},"14":{"start":{"line":25,"column":3},"end":{"line":25,"column":80}},"15":{"start":{"line":26,"column":3},"end":{"line":26,"column":32}},"16":{"start":{"line":29,"column":9},"end":{"line":36,"column":null}},"17":{"start":{"line":31,"column":2},"end":{"line":34,"column":null}},"18":{"start":{"line":32,"column":3},"end":{"line":32,"column":101}},"19":{"start":{"line":34,"column":3},"end":{"line":34,"column":null}},"20":{"start":{"line":37,"column":1},"end":{"line":42,"column":null}},"21":{"start":{"line":39,"column":2},"end":{"line":39,"column":44}},"22":{"start":{"line":40,"column":2},"end":{"line":40,"column":null}},"23":{"start":{"line":44,"column":0},"end":{"line":44,"column":null}}},"fnMap":{"0":{"name":"(anonymous_1)","decl":{"start":{"line":3,"column":0},"end":{"line":3,"column":null}},"loc":{"start":{"line":3,"column":0},"end":{"line":44,"column":null}}},"1":{"name":"AbUiEventPage","decl":{"start":{"line":8,"column":1},"end":{"line":8,"column":13}},"loc":{"start":{"line":8,"column":72},"end":{"line":14,"column":2}}},"2":{"name":"(anonymous_3)","decl":{"start":{"line":15,"column":1},"end":{"line":15,"column":9}},"loc":{"start":{"line":15,"column":1},"end":{"line":28,"column":3}}},"3":{"name":"(anonymous_4)","decl":{"start":{"line":23,"column":77},"end":{"line":23,"column":79}},"loc":{"start":{"line":23,"column":79},"end":{"line":27,"column":3}}},"4":{"name":"(anonymous_5)","decl":{"start":{"line":29,"column":1},"end":{"line":29,"column":9}},"loc":{"start":{"line":29,"column":1},"end":{"line":36,"column":2}}},"5":{"name":"(anonymous_6)","decl":{"start":{"line":37,"column":1},"end":{"line":37,"column":7}},"loc":{"start":{"line":37,"column":1},"end":{"line":42,"column":2}}}},"branchMap":{"0":{"loc":{"start":{"line":17,"column":2},"end":{"line":21,"column":null}},"type":"if","locations":[{"start":{"line":17,"column":2},"end":{"line":21,"column":null}},{"start":{"line":17,"column":2},"end":{"line":21,"column":null}}]},"1":{"loc":{"start":{"line":23,"column":47},"end":{"line":23,"column":51}},"type":"cond-expr","locations":[{"start":{"line":23,"column":47},"end":{"line":23,"column":51}},{"start":{"line":23,"column":47},"end":{"line":27,"column":4}}]},"2":{"loc":{"start":{"line":23,"column":2},"end":{"line":23,"column":51}},"type":"binary-expr","locations":[{"start":{"line":23,"column":2},"end":{"line":23,"column":51}},{"start":{"line":23,"column":47},"end":{"line":23,"column":51}}]},"3":{"loc":{"start":{"line":23,"column":10},"end":{"line":23,"column":13}},"type":"cond-expr","locations":[{"start":{"line":23,"column":10},"end":{"line":23,"column":13}},{"start":{"line":23,"column":2},"end":{"line":23,"column":51}}]},"4":{"loc":{"start":{"line":23,"column":2},"end":{"line":23,"column":13}},"type":"binary-expr","locations":[{"start":{"line":23,"column":2},"end":{"line":23,"column":13}},{"start":{"line":23,"column":2},"end":{"line":23,"column":13}}]},"5":{"loc":{"start":{"line":25,"column":68},"end":{"line":25,"column":71}},"type":"cond-expr","locations":[{"start":{"line":25,"column":68},"end":{"line":25,"column":71}},{"start":{"line":25,"column":68},"end":{"line":25,"column":80}}]},"6":{"loc":{"start":{"line":25,"column":3},"end":{"line":25,"column":71}},"type":"binary-expr","locations":[{"start":{"line":25,"column":3},"end":{"line":25,"column":71}},{"start":{"line":25,"column":68},"end":{"line":25,"column":71}}]},"7":{"loc":{"start":{"line":25,"column":30},"end":{"line":25,"column":33}},"type":"cond-expr","locations":[{"start":{"line":25,"column":30},"end":{"line":25,"column":33}},{"start":{"line":25,"column":22},"end":{"line":25,"column":68}}]},"8":{"loc":{"start":{"line":25,"column":22},"end":{"line":25,"column":33}},"type":"binary-expr","locations":[{"start":{"line":25,"column":22},"end":{"line":25,"column":33}},{"start":{"line":25,"column":22},"end":{"line":25,"column":33}}]},"9":{"loc":{"start":{"line":31,"column":2},"end":{"line":34,"column":null}},"type":"if","locations":[{"start":{"line":31,"column":2},"end":{"line":34,"column":null}},{"start":{"line":31,"column":2},"end":{"line":34,"column":null}}]}},"s":{"0":1,"1":1,"2":4,"3":4,"4":4,"5":4,"6":1,"7":2,"8":2,"9":1,"10":1,"11":1,"12":1,"13":0,"14":0,"15":0,"16":1,"17":2,"18":1,"19":1,"20":1,"21":0,"22":0,"23":1},"f":{"0":1,"1":4,"2":2,"3":0,"4":2,"5":0},"b":{"0":[1,1],"1":[0,1],"2":[1,1],"3":[0,1],"4":[1,1],"5":[0,0],"6":[0,0],"7":[0,0],"8":[0,0],"9":[1,1]}}
,"C:\\Users\\pc\\Documents\\unrwa-p2p\\src\\pages\\Ab_ProjectPage\\AbUi_ProjectPage.ts": {"path":"C:\\Users\\pc\\Documents\\unrwa-p2p\\src\\pages\\Ab_ProjectPage\\AbUi_ProjectPage.ts","statementMap":{"0":{"start":{"line":2,"column":0},"end":{"line":2,"column":74}},"1":{"start":{"line":3,"column":0},"end":{"line":3,"column":null}},"2":{"start":{"line":9,"column":2},"end":{"line":9,"column":null}},"3":{"start":{"line":10,"column":2},"end":{"line":10,"column":null}},"4":{"start":{"line":11,"column":2},"end":{"line":11,"column":null}},"5":{"start":{"line":12,"column":2},"end":{"line":12,"column":null}},"6":{"start":{"line":14,"column":9},"end":{"line":23,"column":null}},"7":{"start":{"line":15,"column":2},"end":{"line":18,"column":null}},"8":{"start":{"line":16,"column":3},"end":{"line":16,"column":61}},"9":{"start":{"line":17,"column":3},"end":{"line":17,"column":9}},"10":{"start":{"line":19,"column":36},"end":{"line":19,"column":78}},"11":{"start":{"line":20,"column":2},"end":{"line":20,"column":81}},"12":{"start":{"line":21,"column":2},"end":{"line":21,"column":null}},"13":{"start":{"line":24,"column":9},"end":{"line":32,"column":null}},"14":{"start":{"line":25,"column":2},"end":{"line":31,"column":null}},"15":{"start":{"line":26,"column":13},"end":{"line":26,"column":77}},"16":{"start":{"line":27,"column":53},"end":{"line":27,"column":124}},"17":{"start":{"line":28,"column":3},"end":{"line":30,"column":6}},"18":{"start":{"line":29,"column":4},"end":{"line":29,"column":null}},"19":{"start":{"line":33,"column":1},"end":{"line":36,"column":null}},"20":{"start":{"line":34,"column":2},"end":{"line":34,"column":null}},"21":{"start":{"line":35,"column":2},"end":{"line":35,"column":null}},"22":{"start":{"line":37,"column":0},"end":{"line":37,"column":null}}},"fnMap":{"0":{"name":"(anonymous_1)","decl":{"start":{"line":3,"column":0},"end":{"line":3,"column":null}},"loc":{"start":{"line":3,"column":0},"end":{"line":37,"column":null}}},"1":{"name":"AbUi_ProjectPage","decl":{"start":{"line":8,"column":1},"end":{"line":8,"column":13}},"loc":{"start":{"line":8,"column":68},"end":{"line":13,"column":2}}},"2":{"name":"(anonymous_3)","decl":{"start":{"line":14,"column":1},"end":{"line":14,"column":9}},"loc":{"start":{"line":14,"column":1},"end":{"line":23,"column":2}}},"3":{"name":"(anonymous_4)","decl":{"start":{"line":24,"column":1},"end":{"line":24,"column":9}},"loc":{"start":{"line":24,"column":1},"end":{"line":32,"column":2}}},"4":{"name":"(anonymous_5)","decl":{"start":{"line":28,"column":23},"end":{"line":28,"column":24}},"loc":{"start":{"line":28,"column":44},"end":{"line":30,"column":4}}},"5":{"name":"(anonymous_6)","decl":{"start":{"line":33,"column":1},"end":{"line":33,"column":7}},"loc":{"start":{"line":33,"column":1},"end":{"line":36,"column":2}}}},"branchMap":{"0":{"loc":{"start":{"line":15,"column":2},"end":{"line":18,"column":null}},"type":"if","locations":[{"start":{"line":15,"column":2},"end":{"line":18,"column":null}},{"start":{"line":15,"column":2},"end":{"line":18,"column":null}}]},"1":{"loc":{"start":{"line":25,"column":2},"end":{"line":31,"column":null}},"type":"if","locations":[{"start":{"line":25,"column":2},"end":{"line":31,"column":null}},{"start":{"line":25,"column":2},"end":{"line":31,"column":null}}]},"2":{"loc":{"start":{"line":26,"column":62},"end":{"line":26,"column":65}},"type":"cond-expr","locations":[{"start":{"line":26,"column":62},"end":{"line":26,"column":65}},{"start":{"line":26,"column":62},"end":{"line":26,"column":77}}]},"3":{"loc":{"start":{"line":26,"column":13},"end":{"line":26,"column":65}},"type":"binary-expr","locations":[{"start":{"line":26,"column":13},"end":{"line":26,"column":65}},{"start":{"line":26,"column":62},"end":{"line":26,"column":65}}]}},"s":{"0":1,"1":1,"2":2,"3":2,"4":2,"5":2,"6":1,"7":2,"8":1,"9":0,"10":1,"11":1,"12":1,"13":1,"14":0,"15":0,"16":0,"17":0,"18":0,"19":1,"20":0,"21":0,"22":1},"f":{"0":1,"1":2,"2":2,"3":0,"4":0,"5":0},"b":{"0":[1,1],"1":[0,0],"2":[0,0],"3":[0,0]}}
,"C:\\Users\\pc\\Documents\\unrwa-p2p\\src\\pages\\ab_HomePage\\AbUi_HomePage.ts": {"path":"C:\\Users\\pc\\Documents\\unrwa-p2p\\src\\pages\\ab_HomePage\\AbUi_HomePage.ts","statementMap":{"0":{"start":{"line":4,"column":0},"end":{"line":4,"column":null}},"1":{"start":{"line":9,"column":2},"end":{"line":9,"column":null}},"2":{"start":{"line":10,"column":2},"end":{"line":10,"column":null}},"3":{"start":{"line":11,"column":2},"end":{"line":11,"column":null}},"4":{"start":{"line":13,"column":9},"end":{"line":25,"column":null}},"5":{"start":{"line":14,"column":2},"end":{"line":24,"column":null}},"6":{"start":{"line":15,"column":28},"end":{"line":20,"column":null}},"7":{"start":{"line":22,"column":3},"end":{"line":22,"column":null}},"8":{"start":{"line":24,"column":3},"end":{"line":24,"column":null}},"9":{"start":{"line":26,"column":1},"end":{"line":30,"column":null}},"10":{"start":{"line":28,"column":2},"end":{"line":28,"column":null}},"11":{"start":{"line":32,"column":0},"end":{"line":32,"column":null}}},"fnMap":{"0":{"name":"(anonymous_0)","decl":{"start":{"line":4,"column":0},"end":{"line":4,"column":null}},"loc":{"start":{"line":4,"column":0},"end":{"line":32,"column":null}}},"1":{"name":"AbUi_HomePage","decl":{"start":{"line":8,"column":1},"end":{"line":8,"column":13}},"loc":{"start":{"line":8,"column":72},"end":{"line":12,"column":2}}},"2":{"name":"(anonymous_2)","decl":{"start":{"line":13,"column":1},"end":{"line":13,"column":9}},"loc":{"start":{"line":13,"column":1},"end":{"line":25,"column":2}}},"3":{"name":"(anonymous_3)","decl":{"start":{"line":26,"column":1},"end":{"line":26,"column":7}},"loc":{"start":{"line":26,"column":1},"end":{"line":30,"column":2}}}},"branchMap":{"0":{"loc":{"start":{"line":14,"column":2},"end":{"line":24,"column":null}},"type":"if","locations":[{"start":{"line":14,"column":2},"end":{"line":24,"column":null}},{"start":{"line":14,"column":2},"end":{"line":24,"column":null}}]}},"s":{"0":1,"1":2,"2":2,"3":2,"4":1,"5":2,"6":1,"7":1,"8":1,"9":1,"10":0,"11":1},"f":{"0":1,"1":2,"2":2,"3":0},"b":{"0":[1,1]}}
}
