TN:
SF:src\mocks.ts
FNF:0
FNH:0
DA:3,8
LF:1
LH:1
BRF:0
BRH:0
end_of_record
TN:
SF:src\components\Ab_Header\AbUi_Header.ts
FN:3,(anonymous_0)
FN:12,AbUi_Header
FN:42,(anonymous_2)
FN:53,(anonymous_3)
FN:71,(anonymous_4)
FN:83,(anonymous_5)
FN:101,(anonymous_6)
FN:126,(anonymous_7)
FN:132,(anonymous_8)
FN:135,(anonymous_9)
FN:143,(anonymous_10)
FN:148,(anonymous_11)
FN:156,(anonymous_12)
FN:163,(anonymous_13)
FNF:14
FNH:6
FNDA:1,(anonymous_0)
FNDA:6,AbUi_Header
FNDA:1,(anonymous_2)
FNDA:1,(anonymous_3)
FNDA:0,(anonymous_4)
FNDA:1,(anonymous_5)
FNDA:0,(anonymous_6)
FNDA:1,(anonymous_7)
FNDA:0,(anonymous_8)
FNDA:0,(anonymous_9)
FNDA:0,(anonymous_10)
FNDA:0,(anonymous_11)
FNDA:0,(anonymous_12)
FNDA:0,(anonymous_13)
DA:3,1
DA:13,6
DA:14,6
DA:15,6
DA:16,6
DA:17,6
DA:18,6
DA:23,6
DA:25,5
DA:30,5
DA:33,1
DA:34,5
DA:35,5
DA:42,1
DA:44,1
DA:45,0
DA:47,1
DA:53,1
DA:55,1
DA:59,0
DA:64,0
DA:65,0
DA:67,0
DA:71,0
DA:72,0
DA:77,1
DA:83,1
DA:85,1
DA:90,1
DA:91,0
DA:93,1
DA:98,0
DA:99,0
DA:102,0
DA:107,0
DA:112,0
DA:126,1
DA:127,1
DA:128,1
DA:129,1
DA:130,0
DA:132,0
DA:133,0
DA:135,0
DA:136,0
DA:143,0
DA:148,0
DA:149,0
DA:150,0
DA:151,0
DA:156,0
DA:157,0
DA:158,0
DA:163,1
DA:164,0
DA:165,0
DA:166,0
DA:167,0
DA:169,1
LF:59
LH:29
BRDA:17,0,0,5
BRDA:17,0,1,1
BRDA:17,1,0,6
BRDA:17,1,1,1
BRDA:23,2,0,5
BRDA:23,2,1,1
BRDA:44,3,0,0
BRDA:44,3,1,1
BRDA:55,4,0,0
BRDA:55,4,1,1
BRDA:64,5,0,0
BRDA:64,5,1,0
BRDA:67,6,0,0
BRDA:67,6,1,0
BRDA:90,7,0,0
BRDA:90,7,1,1
BRDA:107,8,0,0
BRDA:107,8,1,0
BRDA:128,9,0,1
BRDA:128,9,1,0
BRDA:132,10,0,0
BRDA:132,10,1,0
BRDA:132,11,0,0
BRDA:132,11,1,0
BRDA:132,12,0,0
BRDA:132,12,1,0
BRDA:132,13,0,0
BRDA:132,13,1,0
BRDA:133,14,0,0
BRDA:133,14,1,0
BRDA:133,15,0,0
BRDA:133,15,1,0
BRDA:133,16,0,0
BRDA:133,16,1,0
BRDA:133,17,0,0
BRDA:133,17,1,0
BRDA:135,18,0,0
BRDA:135,18,1,0
BRDA:135,19,0,0
BRDA:135,19,1,0
BRDA:135,20,0,0
BRDA:135,20,1,0
BRDA:135,21,0,0
BRDA:135,21,1,0
BRDA:136,22,0,0
BRDA:136,22,1,0
BRDA:136,23,0,0
BRDA:136,23,1,0
BRDA:136,24,0,0
BRDA:136,24,1,0
BRDA:136,25,0,0
BRDA:136,25,1,0
BRDA:151,26,0,0
BRDA:151,26,1,0
BRDA:151,27,0,0
BRDA:151,27,1,0
BRDA:156,28,0,0
BRDA:156,28,1,0
BRDA:156,29,0,0
BRDA:156,29,1,0
BRDA:156,30,0,0
BRDA:156,30,1,0
BRDA:156,31,0,0
BRDA:156,31,1,0
BRF:64
BRH:10
end_of_record
TN:
SF:src\components\Ab_ShareLink\AbUi_ShareLink.ts
FN:3,(anonymous_0)
FN:10,AbUi_ShareLink
FN:23,(anonymous_2)
FN:36,(anonymous_3)
FN:44,(anonymous_4)
FNF:5
FNH:4
FNDA:3,(anonymous_0)
FNDA:8,AbUi_ShareLink
FNDA:4,(anonymous_2)
FNDA:4,(anonymous_3)
FNDA:0,(anonymous_4)
DA:3,3
DA:11,8
DA:12,8
DA:14,8
DA:15,8
DA:16,8
DA:17,8
DA:23,3
DA:24,4
DA:36,3
DA:37,4
DA:38,4
DA:39,2
DA:41,2
DA:44,3
DA:45,0
DA:46,0
DA:47,0
DA:48,0
DA:49,0
DA:51,0
DA:53,3
LF:22
LH:16
BRDA:26,0,0,0
BRDA:26,0,1,4
BRDA:38,1,0,2
BRDA:38,1,1,2
BRDA:47,2,0,0
BRDA:47,2,1,0
BRF:6
BRH:3
end_of_record
TN:
SF:src\general\AbUi_General.ts
FN:4,(anonymous_0)
FN:13,AbUi_General
FN:27,(anonymous_2)
FN:37,(anonymous_3)
FN:39,(anonymous_4)
FN:46,(anonymous_5)
FN:63,(anonymous_6)
FN:65,(anonymous_7)
FN:72,(anonymous_8)
FN:81,(anonymous_9)
FNF:10
FNH:4
FNDA:1,(anonymous_0)
FNDA:5,AbUi_General
FNDA:1,(anonymous_2)
FNDA:0,(anonymous_3)
FNDA:0,(anonymous_4)
FNDA:4,(anonymous_5)
FNDA:0,(anonymous_6)
FNDA:0,(anonymous_7)
FNDA:0,(anonymous_8)
FNDA:0,(anonymous_9)
DA:4,1
DA:15,5
DA:16,5
DA:17,5
DA:18,5
DA:19,5
DA:20,5
DA:21,5
DA:27,1
DA:28,1
DA:29,0
DA:31,1
DA:37,1
DA:39,0
DA:40,0
DA:41,0
DA:46,1
DA:47,4
DA:48,2
DA:49,1
DA:51,1
DA:54,3
DA:55,2
DA:56,1
DA:58,1
DA:63,1
DA:65,0
DA:66,0
DA:67,0
DA:68,0
DA:72,0
DA:73,0
DA:74,0
DA:75,0
DA:76,0
DA:81,1
DA:83,0
DA:84,0
DA:85,0
DA:86,0
DA:88,1
LF:41
LH:24
BRDA:28,0,0,0
BRDA:28,0,1,1
BRDA:47,1,0,2
BRDA:47,1,1,2
BRDA:48,2,0,1
BRDA:48,2,1,1
BRDA:54,3,0,2
BRDA:54,3,1,1
BRDA:55,4,0,1
BRDA:55,4,1,1
BRDA:66,5,0,0
BRDA:66,5,1,0
BRDA:68,6,0,0
BRDA:68,6,1,0
BRDA:68,7,0,0
BRDA:68,7,1,0
BRDA:73,8,0,0
BRDA:73,8,1,0
BRDA:75,9,0,0
BRDA:75,9,1,0
BRDA:76,10,0,0
BRDA:76,10,1,0
BRDA:76,11,0,0
BRDA:76,11,1,0
BRF:24
BRH:9
end_of_record
TN:
SF:src\helpers\helpers.ts
FN:9,(anonymous_0)
FN:31,(anonymous_1)
FNF:2
FNH:2
FNDA:4,(anonymous_0)
FNDA:2,(anonymous_1)
DA:5,1
DA:13,4
DA:14,1
DA:15,0
DA:20,3
DA:21,1
DA:22,0
DA:26,2
DA:36,2
DA:37,1
DA:38,0
DA:43,1
DA:44,1
DA:46,0
LF:14
LH:10
BRDA:13,0,0,1
BRDA:13,0,1,3
BRDA:20,1,0,1
BRDA:20,1,1,2
BRDA:36,2,0,1
BRDA:36,2,1,1
BRDA:43,3,0,1
BRDA:43,3,1,0
BRF:8
BRH:7
end_of_record
TN:
SF:src\pages\Ab_AllEventsPage\AbUi_AllEventsPage.ts
FN:3,(anonymous_0)
FN:9,AbUi_AllEventsPage
FN:16,(anonymous_2)
FN:24,(anonymous_3)
FN:33,(anonymous_4)
FN:40,(anonymous_5)
FNF:6
FNH:5
FNDA:1,(anonymous_0)
FNDA:5,AbUi_AllEventsPage
FNDA:2,(anonymous_2)
FNDA:2,(anonymous_3)
FNDA:1,(anonymous_4)
FNDA:0,(anonymous_5)
DA:3,1
DA:10,5
DA:11,5
DA:12,5
DA:13,5
DA:14,5
DA:16,1
DA:18,2
DA:19,1
DA:20,0
DA:22,1
DA:24,1
DA:25,2
DA:26,1
DA:27,0
DA:29,1
DA:33,1
DA:34,1
DA:35,0
DA:37,1
DA:40,1
DA:41,0
DA:42,0
DA:43,0
DA:54,1
LF:25
LH:19
BRDA:14,0,0,2
BRDA:14,0,1,3
BRDA:14,1,0,5
BRDA:14,1,1,3
BRDA:18,2,0,1
BRDA:18,2,1,1
BRDA:25,3,0,1
BRDA:25,3,1,1
BRDA:34,4,0,0
BRDA:34,4,1,1
BRF:10
BRH:9
end_of_record
TN:
SF:src\pages\Ab_EventPage\AbUi_EventPage.ts
FN:3,(anonymous_1)
FN:8,AbUiEventPage
FN:15,(anonymous_3)
FN:23,(anonymous_4)
FN:29,(anonymous_5)
FN:37,(anonymous_6)
FNF:6
FNH:4
FNDA:1,(anonymous_1)
FNDA:4,AbUiEventPage
FNDA:2,(anonymous_3)
FNDA:0,(anonymous_4)
FNDA:2,(anonymous_5)
FNDA:0,(anonymous_6)
DA:2,1
DA:3,1
DA:10,4
DA:11,4
DA:12,4
DA:13,4
DA:15,1
DA:16,2
DA:17,2
DA:18,1
DA:19,1
DA:21,1
DA:23,1
DA:24,0
DA:25,0
DA:26,0
DA:29,1
DA:31,2
DA:32,1
DA:34,1
DA:37,1
DA:39,0
DA:40,0
DA:44,1
LF:24
LH:19
BRDA:17,0,0,1
BRDA:17,0,1,1
BRDA:23,1,0,0
BRDA:23,1,1,1
BRDA:23,2,0,1
BRDA:23,2,1,1
BRDA:23,3,0,0
BRDA:23,3,1,1
BRDA:23,4,0,1
BRDA:23,4,1,1
BRDA:25,5,0,0
BRDA:25,5,1,0
BRDA:25,6,0,0
BRDA:25,6,1,0
BRDA:25,7,0,0
BRDA:25,7,1,0
BRDA:25,8,0,0
BRDA:25,8,1,0
BRDA:31,9,0,1
BRDA:31,9,1,1
BRF:20
BRH:10
end_of_record
TN:
SF:src\pages\Ab_ProjectPage\AbUi_ProjectPage.ts
FN:3,(anonymous_1)
FN:8,AbUi_ProjectPage
FN:14,(anonymous_3)
FN:24,(anonymous_4)
FN:28,(anonymous_5)
FN:33,(anonymous_6)
FNF:6
FNH:3
FNDA:1,(anonymous_1)
FNDA:2,AbUi_ProjectPage
FNDA:2,(anonymous_3)
FNDA:0,(anonymous_4)
FNDA:0,(anonymous_5)
FNDA:0,(anonymous_6)
DA:2,1
DA:3,1
DA:9,2
DA:10,2
DA:11,2
DA:12,2
DA:14,1
DA:15,2
DA:16,1
DA:17,0
DA:19,1
DA:20,1
DA:21,1
DA:24,1
DA:25,0
DA:26,0
DA:27,0
DA:28,0
DA:29,0
DA:33,1
DA:34,0
DA:35,0
DA:37,1
LF:23
LH:15
BRDA:15,0,0,1
BRDA:15,0,1,1
BRDA:25,1,0,0
BRDA:25,1,1,0
BRDA:26,2,0,0
BRDA:26,2,1,0
BRDA:26,3,0,0
BRDA:26,3,1,0
BRF:8
BRH:2
end_of_record
TN:
SF:src\pages\ab_HomePage\AbUi_HomePage.ts
FN:4,(anonymous_0)
FN:8,AbUi_HomePage
FN:13,(anonymous_2)
FN:26,(anonymous_3)
FNF:4
FNH:3
FNDA:1,(anonymous_0)
FNDA:2,AbUi_HomePage
FNDA:2,(anonymous_2)
FNDA:0,(anonymous_3)
DA:4,1
DA:9,2
DA:10,2
DA:11,2
DA:13,1
DA:14,2
DA:15,1
DA:22,1
DA:24,1
DA:26,1
DA:28,0
DA:32,1
LF:12
LH:11
BRDA:14,0,0,1
BRDA:14,0,1,1
BRF:2
BRH:2
end_of_record
